2020-04-25 13:49:13.433  INFO 6328 --- [restartedMain] com.example.title.TitleApplication       : Starting TitleApplication on DESKTOP-5G3RRG5 with PID 6328 (D:\code\java\SpringBoot\titles\target\classes started by 23838 in D:\code\java\SpringBoot\titles)
2020-04-25 13:49:13.446  INFO 6328 --- [restartedMain] com.example.title.TitleApplication       : The following profiles are active: dev
2020-04-25 13:49:13.577  INFO 6328 --- [restartedMain] .e.DevToolsPropertyDefaultsPostProcessor : Devtools property defaults active! Set 'spring.devtools.add-properties' to 'false' to disable
2020-04-25 13:49:13.583  INFO 6328 --- [restartedMain] .e.DevToolsPropertyDefaultsPostProcessor : For additional web related logging consider setting the 'logging.level.web' property to 'DEBUG'
2020-04-25 13:49:14.299  WARN 6328 --- [restartedMain] o.m.s.mapper.ClassPathMapperScanner      : No MyBatis mapper was found in '[com.example.title]' package. Please check your configuration.
2020-04-25 13:49:14.876  INFO 6328 --- [restartedMain] o.s.b.w.embedded.tomcat.TomcatWebServer  : Tomcat initialized with port(s): 8081 (http)
2020-04-25 13:49:14.893  INFO 6328 --- [restartedMain] o.apache.catalina.core.StandardService   : Starting service [Tomcat]
2020-04-25 13:49:14.894  INFO 6328 --- [restartedMain] org.apache.catalina.core.StandardEngine  : Starting Servlet engine: [Apache Tomcat/9.0.29]
2020-04-25 13:49:14.963  INFO 6328 --- [restartedMain] o.a.c.c.C.[Tomcat].[localhost].[/]       : Initializing Spring embedded WebApplicationContext
2020-04-25 13:49:14.963  INFO 6328 --- [restartedMain] o.s.web.context.ContextLoader            : Root WebApplicationContext: initialization completed in 1380 ms
2020-04-25 13:49:15.292  INFO 6328 --- [restartedMain] o.s.s.concurrent.ThreadPoolTaskExecutor  : Initializing ExecutorService 'applicationTaskExecutor'
2020-04-25 13:49:15.371  INFO 6328 --- [restartedMain] o.s.b.a.w.s.WelcomePageHandlerMapping    : Adding welcome page template: index
2020-04-25 13:49:16.113  INFO 6328 --- [restartedMain] o.s.b.d.a.OptionalLiveReloadServer       : LiveReload server is running on port 35729
2020-04-25 13:49:16.165  INFO 6328 --- [restartedMain] o.s.b.w.embedded.tomcat.TomcatWebServer  : Tomcat started on port(s): 8081 (http) with context path ''
2020-04-25 13:49:16.169  INFO 6328 --- [restartedMain] com.example.title.TitleApplication       : Started TitleApplication in 3.162 seconds (JVM running for 4.474)
2020-04-25 13:49:23.984  INFO 6328 --- [http-nio-8081-exec-1] o.a.c.c.C.[Tomcat].[localhost].[/]       : Initializing Spring DispatcherServlet 'dispatcherServlet'
2020-04-25 13:49:23.986  INFO 6328 --- [http-nio-8081-exec-1] o.s.web.servlet.DispatcherServlet        : Initializing Servlet 'dispatcherServlet'
2020-04-25 13:49:23.997  INFO 6328 --- [http-nio-8081-exec-1] o.s.web.servlet.DispatcherServlet        : Completed initialization in 11 ms
2020-04-25 13:49:24.016  INFO 6328 --- [http-nio-8081-exec-1] com.example.title.aop.MethodInvokeAop    : -------------Method |index| doBefore-------------
2020-04-25 13:49:24.019  INFO 6328 --- [http-nio-8081-exec-1] com.example.title.aop.MethodInvokeAop    : RequestLog{url='http://localhost:8081/', ip='127.0.0.1', classMethod='com.example.title.controller.IndexController.index', args=[]} 
2020-04-25 13:49:24.032  INFO 6328 --- [http-nio-8081-exec-1] com.example.title.aop.MethodInvokeAop    : -------------doAfter-------------
2020-04-25 13:49:45.955  INFO 6328 --- [http-nio-8081-exec-3] com.example.title.aop.MethodInvokeAop    : -------------Method |index| doBefore-------------
2020-04-25 13:49:45.955  INFO 6328 --- [http-nio-8081-exec-3] com.example.title.aop.MethodInvokeAop    : RequestLog{url='http://localhost:8081/', ip='127.0.0.1', classMethod='com.example.title.controller.IndexController.index', args=[]} 
2020-04-25 13:49:45.955  INFO 6328 --- [http-nio-8081-exec-3] com.example.title.aop.MethodInvokeAop    : -------------doAfter-------------
2020-04-25 13:51:18.629  INFO 10520 --- [restartedMain] com.example.title.TitleApplication       : Starting TitleApplication on DESKTOP-5G3RRG5 with PID 10520 (D:\code\java\SpringBoot\titles\target\classes started by 23838 in D:\code\java\SpringBoot\titles)
2020-04-25 13:51:18.632  INFO 10520 --- [restartedMain] com.example.title.TitleApplication       : The following profiles are active: dev
2020-04-25 13:51:18.701  INFO 10520 --- [restartedMain] .e.DevToolsPropertyDefaultsPostProcessor : Devtools property defaults active! Set 'spring.devtools.add-properties' to 'false' to disable
2020-04-25 13:51:18.702  INFO 10520 --- [restartedMain] .e.DevToolsPropertyDefaultsPostProcessor : For additional web related logging consider setting the 'logging.level.web' property to 'DEBUG'
2020-04-25 13:51:19.404  WARN 10520 --- [restartedMain] o.m.s.mapper.ClassPathMapperScanner      : No MyBatis mapper was found in '[com.example.title]' package. Please check your configuration.
2020-04-25 13:51:19.933  INFO 10520 --- [restartedMain] o.s.b.w.embedded.tomcat.TomcatWebServer  : Tomcat initialized with port(s): 8081 (http)
2020-04-25 13:51:19.940  INFO 10520 --- [restartedMain] o.apache.catalina.core.StandardService   : Starting service [Tomcat]
2020-04-25 13:51:19.941  INFO 10520 --- [restartedMain] org.apache.catalina.core.StandardEngine  : Starting Servlet engine: [Apache Tomcat/9.0.29]
2020-04-25 13:51:20.003  INFO 10520 --- [restartedMain] o.a.c.c.C.[Tomcat].[localhost].[/]       : Initializing Spring embedded WebApplicationContext
2020-04-25 13:51:20.004  INFO 10520 --- [restartedMain] o.s.web.context.ContextLoader            : Root WebApplicationContext: initialization completed in 1302 ms
2020-04-25 13:51:20.258  INFO 10520 --- [restartedMain] o.s.s.concurrent.ThreadPoolTaskExecutor  : Initializing ExecutorService 'applicationTaskExecutor'
2020-04-25 13:51:20.329  INFO 10520 --- [restartedMain] o.s.b.a.w.s.WelcomePageHandlerMapping    : Adding welcome page template: index
2020-04-25 13:51:20.709  INFO 10520 --- [restartedMain] o.s.b.d.a.OptionalLiveReloadServer       : LiveReload server is running on port 35729
2020-04-25 13:51:20.753  INFO 10520 --- [restartedMain] o.s.b.w.embedded.tomcat.TomcatWebServer  : Tomcat started on port(s): 8081 (http) with context path ''
2020-04-25 13:51:20.758  INFO 10520 --- [restartedMain] com.example.title.TitleApplication       : Started TitleApplication in 2.592 seconds (JVM running for 3.91)
2020-04-25 13:51:20.859  INFO 10520 --- [http-nio-8081-exec-1] o.a.c.c.C.[Tomcat].[localhost].[/]       : Initializing Spring DispatcherServlet 'dispatcherServlet'
2020-04-25 13:51:20.859  INFO 10520 --- [http-nio-8081-exec-1] o.s.web.servlet.DispatcherServlet        : Initializing Servlet 'dispatcherServlet'
2020-04-25 13:51:20.870  INFO 10520 --- [http-nio-8081-exec-1] o.s.web.servlet.DispatcherServlet        : Completed initialization in 10 ms
2020-04-25 13:51:20.889  INFO 10520 --- [http-nio-8081-exec-1] com.example.title.aop.MethodInvokeAop    : -------------Method |index| doBefore-------------
2020-04-25 13:51:20.891  INFO 10520 --- [http-nio-8081-exec-1] com.example.title.aop.MethodInvokeAop    : RequestLog{url='http://localhost:8081/', ip='0:0:0:0:0:0:0:1', classMethod='com.example.title.controller.IndexController.index', args=[]} 
2020-04-25 13:51:20.907  INFO 10520 --- [http-nio-8081-exec-1] com.example.title.aop.MethodInvokeAop    : -------------doAfter-------------
2020-04-25 13:52:02.986  INFO 12920 --- [restartedMain] com.example.title.TitleApplication       : Starting TitleApplication on DESKTOP-5G3RRG5 with PID 12920 (D:\code\java\SpringBoot\titles\target\classes started by 23838 in D:\code\java\SpringBoot\titles)
2020-04-25 13:52:02.988  INFO 12920 --- [restartedMain] com.example.title.TitleApplication       : The following profiles are active: dev
2020-04-25 13:52:03.039  INFO 12920 --- [restartedMain] .e.DevToolsPropertyDefaultsPostProcessor : Devtools property defaults active! Set 'spring.devtools.add-properties' to 'false' to disable
2020-04-25 13:52:03.039  INFO 12920 --- [restartedMain] .e.DevToolsPropertyDefaultsPostProcessor : For additional web related logging consider setting the 'logging.level.web' property to 'DEBUG'
2020-04-25 13:52:03.848  WARN 12920 --- [restartedMain] o.m.s.mapper.ClassPathMapperScanner      : No MyBatis mapper was found in '[com.example.title]' package. Please check your configuration.
2020-04-25 13:52:04.409  INFO 12920 --- [restartedMain] o.s.b.w.embedded.tomcat.TomcatWebServer  : Tomcat initialized with port(s): 8081 (http)
2020-04-25 13:52:04.416  INFO 12920 --- [restartedMain] o.apache.catalina.core.StandardService   : Starting service [Tomcat]
2020-04-25 13:52:04.416  INFO 12920 --- [restartedMain] org.apache.catalina.core.StandardEngine  : Starting Servlet engine: [Apache Tomcat/9.0.29]
2020-04-25 13:52:04.486  INFO 12920 --- [restartedMain] o.a.c.c.C.[Tomcat].[localhost].[/]       : Initializing Spring embedded WebApplicationContext
2020-04-25 13:52:04.486  INFO 12920 --- [restartedMain] o.s.web.context.ContextLoader            : Root WebApplicationContext: initialization completed in 1447 ms
2020-04-25 13:52:04.736  INFO 12920 --- [restartedMain] o.s.s.concurrent.ThreadPoolTaskExecutor  : Initializing ExecutorService 'applicationTaskExecutor'
2020-04-25 13:52:04.813  INFO 12920 --- [restartedMain] o.s.b.a.w.s.WelcomePageHandlerMapping    : Adding welcome page template: index
2020-04-25 13:52:05.141  INFO 12920 --- [restartedMain] o.s.b.d.a.OptionalLiveReloadServer       : LiveReload server is running on port 35729
2020-04-25 13:52:05.182  INFO 12920 --- [restartedMain] o.s.b.w.embedded.tomcat.TomcatWebServer  : Tomcat started on port(s): 8081 (http) with context path ''
2020-04-25 13:52:05.187  INFO 12920 --- [restartedMain] com.example.title.TitleApplication       : Started TitleApplication in 2.662 seconds (JVM running for 4.04)
2020-04-25 13:52:06.782  INFO 12920 --- [http-nio-8081-exec-1] o.a.c.c.C.[Tomcat].[localhost].[/]       : Initializing Spring DispatcherServlet 'dispatcherServlet'
2020-04-25 13:52:06.783  INFO 12920 --- [http-nio-8081-exec-1] o.s.web.servlet.DispatcherServlet        : Initializing Servlet 'dispatcherServlet'
2020-04-25 13:52:06.796  INFO 12920 --- [http-nio-8081-exec-1] o.s.web.servlet.DispatcherServlet        : Completed initialization in 13 ms
2020-04-25 13:52:06.814  INFO 12920 --- [http-nio-8081-exec-1] com.example.title.aop.MethodInvokeAop    : -------------Method |index| doBefore-------------
2020-04-25 13:52:06.816  INFO 12920 --- [http-nio-8081-exec-1] com.example.title.aop.MethodInvokeAop    : RequestLog{url='http://localhost:8081/', ip='0:0:0:0:0:0:0:1', classMethod='com.example.title.controller.IndexController.index', args=[]} 
2020-04-25 13:52:06.829  INFO 12920 --- [http-nio-8081-exec-1] com.example.title.aop.MethodInvokeAop    : -------------doAfter-------------
2020-04-25 13:52:58.639  INFO 12920 --- [http-nio-8081-exec-3] com.example.title.aop.MethodInvokeAop    : -------------Method |index| doBefore-------------
2020-04-25 13:52:58.639  INFO 12920 --- [http-nio-8081-exec-3] com.example.title.aop.MethodInvokeAop    : RequestLog{url='http://localhost:8081/', ip='0:0:0:0:0:0:0:1', classMethod='com.example.title.controller.IndexController.index', args=[]} 
2020-04-25 13:52:58.640  INFO 12920 --- [http-nio-8081-exec-3] com.example.title.aop.MethodInvokeAop    : -------------doAfter-------------
2020-04-25 13:52:59.471  INFO 12920 --- [http-nio-8081-exec-5] com.example.title.aop.MethodInvokeAop    : -------------Method |index| doBefore-------------
2020-04-25 13:52:59.472  INFO 12920 --- [http-nio-8081-exec-5] com.example.title.aop.MethodInvokeAop    : RequestLog{url='http://localhost:8081/', ip='0:0:0:0:0:0:0:1', classMethod='com.example.title.controller.IndexController.index', args=[]} 
2020-04-25 13:52:59.472  INFO 12920 --- [http-nio-8081-exec-5] com.example.title.aop.MethodInvokeAop    : -------------doAfter-------------
2020-04-25 13:53:06.374  INFO 12920 --- [http-nio-8081-exec-4] com.example.title.aop.MethodInvokeAop    : -------------Method |index| doBefore-------------
2020-04-25 13:53:06.374  INFO 12920 --- [http-nio-8081-exec-4] com.example.title.aop.MethodInvokeAop    : RequestLog{url='http://localhost:8081/', ip='0:0:0:0:0:0:0:1', classMethod='com.example.title.controller.IndexController.index', args=[]} 
2020-04-25 13:53:06.374  INFO 12920 --- [http-nio-8081-exec-4] com.example.title.aop.MethodInvokeAop    : -------------doAfter-------------
2020-04-25 13:53:40.406  INFO 12920 --- [http-nio-8081-exec-6] com.example.title.aop.MethodInvokeAop    : -------------Method |index| doBefore-------------
2020-04-25 13:53:40.407  INFO 12920 --- [http-nio-8081-exec-6] com.example.title.aop.MethodInvokeAop    : RequestLog{url='http://localhost:8081/', ip='0:0:0:0:0:0:0:1', classMethod='com.example.title.controller.IndexController.index', args=[]} 
2020-04-25 13:53:40.407  INFO 12920 --- [http-nio-8081-exec-6] com.example.title.aop.MethodInvokeAop    : -------------doAfter-------------
2020-04-25 13:54:02.195  INFO 12920 --- [http-nio-8081-exec-8] com.example.title.aop.MethodInvokeAop    : -------------Method |index| doBefore-------------
2020-04-25 13:54:02.195  INFO 12920 --- [http-nio-8081-exec-8] com.example.title.aop.MethodInvokeAop    : RequestLog{url='http://localhost:8081/', ip='0:0:0:0:0:0:0:1', classMethod='com.example.title.controller.IndexController.index', args=[]} 
2020-04-25 13:54:02.196  INFO 12920 --- [http-nio-8081-exec-8] com.example.title.aop.MethodInvokeAop    : -------------doAfter-------------
2020-04-25 13:54:03.950  INFO 12920 --- [http-nio-8081-exec-9] com.example.title.aop.MethodInvokeAop    : -------------Method |index| doBefore-------------
2020-04-25 13:54:03.950  INFO 12920 --- [http-nio-8081-exec-9] com.example.title.aop.MethodInvokeAop    : RequestLog{url='http://localhost:8081/', ip='0:0:0:0:0:0:0:1', classMethod='com.example.title.controller.IndexController.index', args=[]} 
2020-04-25 13:54:03.950  INFO 12920 --- [http-nio-8081-exec-9] com.example.title.aop.MethodInvokeAop    : -------------doAfter-------------
2020-04-25 13:56:01.165  INFO 12920 --- [http-nio-8081-exec-1] com.example.title.aop.MethodInvokeAop    : -------------Method |index| doBefore-------------
2020-04-25 13:56:01.165  INFO 12920 --- [http-nio-8081-exec-1] com.example.title.aop.MethodInvokeAop    : RequestLog{url='http://localhost:8081/', ip='0:0:0:0:0:0:0:1', classMethod='com.example.title.controller.IndexController.index', args=[]} 
2020-04-25 13:56:01.165  INFO 12920 --- [http-nio-8081-exec-1] com.example.title.aop.MethodInvokeAop    : -------------doAfter-------------
2020-04-25 13:56:32.852  INFO 12920 --- [http-nio-8081-exec-2] com.example.title.aop.MethodInvokeAop    : -------------Method |index| doBefore-------------
2020-04-25 13:56:32.853  INFO 12920 --- [http-nio-8081-exec-2] com.example.title.aop.MethodInvokeAop    : RequestLog{url='http://localhost:8081/', ip='0:0:0:0:0:0:0:1', classMethod='com.example.title.controller.IndexController.index', args=[]} 
2020-04-25 13:56:32.853  INFO 12920 --- [http-nio-8081-exec-2] com.example.title.aop.MethodInvokeAop    : -------------doAfter-------------
2020-04-25 13:56:37.756  INFO 12920 --- [http-nio-8081-exec-3] com.example.title.aop.MethodInvokeAop    : -------------Method |index| doBefore-------------
2020-04-25 13:56:37.756  INFO 12920 --- [http-nio-8081-exec-3] com.example.title.aop.MethodInvokeAop    : RequestLog{url='http://localhost:8081/', ip='0:0:0:0:0:0:0:1', classMethod='com.example.title.controller.IndexController.index', args=[]} 
2020-04-25 13:56:37.756  INFO 12920 --- [http-nio-8081-exec-3] com.example.title.aop.MethodInvokeAop    : -------------doAfter-------------
2020-04-25 13:57:43.509  INFO 12920 --- [http-nio-8081-exec-4] com.example.title.aop.MethodInvokeAop    : -------------Method |index| doBefore-------------
2020-04-25 13:57:43.509  INFO 12920 --- [http-nio-8081-exec-4] com.example.title.aop.MethodInvokeAop    : RequestLog{url='http://localhost:8081/', ip='0:0:0:0:0:0:0:1', classMethod='com.example.title.controller.IndexController.index', args=[]} 
2020-04-25 13:57:43.509  INFO 12920 --- [http-nio-8081-exec-4] com.example.title.aop.MethodInvokeAop    : -------------doAfter-------------
2020-04-25 13:59:44.163  INFO 12920 --- [http-nio-8081-exec-7] com.example.title.aop.MethodInvokeAop    : -------------Method |index| doBefore-------------
2020-04-25 13:59:44.164  INFO 12920 --- [http-nio-8081-exec-7] com.example.title.aop.MethodInvokeAop    : RequestLog{url='http://localhost:8081/', ip='0:0:0:0:0:0:0:1', classMethod='com.example.title.controller.IndexController.index', args=[]} 
2020-04-25 13:59:44.164  INFO 12920 --- [http-nio-8081-exec-7] com.example.title.aop.MethodInvokeAop    : -------------doAfter-------------
2020-04-25 14:01:43.987  INFO 12920 --- [http-nio-8081-exec-9] com.example.title.aop.MethodInvokeAop    : -------------Method |index| doBefore-------------
2020-04-25 14:01:43.988  INFO 12920 --- [http-nio-8081-exec-9] com.example.title.aop.MethodInvokeAop    : RequestLog{url='http://localhost:8081/', ip='0:0:0:0:0:0:0:1', classMethod='com.example.title.controller.IndexController.index', args=[]} 
2020-04-25 14:01:43.988  INFO 12920 --- [http-nio-8081-exec-9] com.example.title.aop.MethodInvokeAop    : -------------doAfter-------------
2020-04-25 14:02:49.004  INFO 12920 --- [http-nio-8081-exec-1] com.example.title.aop.MethodInvokeAop    : -------------Method |index| doBefore-------------
2020-04-25 14:02:49.005  INFO 12920 --- [http-nio-8081-exec-1] com.example.title.aop.MethodInvokeAop    : RequestLog{url='http://localhost:8081/', ip='0:0:0:0:0:0:0:1', classMethod='com.example.title.controller.IndexController.index', args=[]} 
2020-04-25 14:02:49.005  INFO 12920 --- [http-nio-8081-exec-1] com.example.title.aop.MethodInvokeAop    : -------------doAfter-------------
2020-04-25 14:06:11.225  INFO 12920 --- [http-nio-8081-exec-3] com.example.title.aop.MethodInvokeAop    : -------------Method |index| doBefore-------------
2020-04-25 14:06:11.225  INFO 12920 --- [http-nio-8081-exec-3] com.example.title.aop.MethodInvokeAop    : RequestLog{url='http://localhost:8081/', ip='0:0:0:0:0:0:0:1', classMethod='com.example.title.controller.IndexController.index', args=[]} 
2020-04-25 14:06:11.225  INFO 12920 --- [http-nio-8081-exec-3] com.example.title.aop.MethodInvokeAop    : -------------doAfter-------------
2020-04-25 14:07:54.777  INFO 12920 --- [http-nio-8081-exec-4] com.example.title.aop.MethodInvokeAop    : -------------Method |index| doBefore-------------
2020-04-25 14:07:54.778  INFO 12920 --- [http-nio-8081-exec-4] com.example.title.aop.MethodInvokeAop    : RequestLog{url='http://localhost:8081/', ip='0:0:0:0:0:0:0:1', classMethod='com.example.title.controller.IndexController.index', args=[]} 
2020-04-25 14:07:54.779  INFO 12920 --- [http-nio-8081-exec-4] com.example.title.aop.MethodInvokeAop    : -------------doAfter-------------
2020-04-25 14:08:46.331  INFO 12920 --- [http-nio-8081-exec-6] com.example.title.aop.MethodInvokeAop    : -------------Method |index| doBefore-------------
2020-04-25 14:08:46.332  INFO 12920 --- [http-nio-8081-exec-6] com.example.title.aop.MethodInvokeAop    : RequestLog{url='http://localhost:8081/', ip='0:0:0:0:0:0:0:1', classMethod='com.example.title.controller.IndexController.index', args=[]} 
2020-04-25 14:08:46.332  INFO 12920 --- [http-nio-8081-exec-6] com.example.title.aop.MethodInvokeAop    : -------------doAfter-------------
2020-04-25 14:09:08.696  INFO 12920 --- [http-nio-8081-exec-7] com.example.title.aop.MethodInvokeAop    : -------------Method |index| doBefore-------------
2020-04-25 14:09:08.697  INFO 12920 --- [http-nio-8081-exec-7] com.example.title.aop.MethodInvokeAop    : RequestLog{url='http://localhost:8081/', ip='0:0:0:0:0:0:0:1', classMethod='com.example.title.controller.IndexController.index', args=[]} 
2020-04-25 14:09:08.697  INFO 12920 --- [http-nio-8081-exec-7] com.example.title.aop.MethodInvokeAop    : -------------doAfter-------------
2020-04-25 14:11:08.466  INFO 12920 --- [http-nio-8081-exec-9] com.example.title.aop.MethodInvokeAop    : -------------Method |index| doBefore-------------
2020-04-25 14:11:08.466  INFO 12920 --- [http-nio-8081-exec-9] com.example.title.aop.MethodInvokeAop    : RequestLog{url='http://localhost:8081/', ip='0:0:0:0:0:0:0:1', classMethod='com.example.title.controller.IndexController.index', args=[]} 
2020-04-25 14:11:08.466  INFO 12920 --- [http-nio-8081-exec-9] com.example.title.aop.MethodInvokeAop    : -------------doAfter-------------
2020-04-25 14:11:42.453  INFO 12920 --- [http-nio-8081-exec-10] com.example.title.aop.MethodInvokeAop    : -------------Method |index| doBefore-------------
2020-04-25 14:11:42.454  INFO 12920 --- [http-nio-8081-exec-10] com.example.title.aop.MethodInvokeAop    : RequestLog{url='http://localhost:8081/', ip='0:0:0:0:0:0:0:1', classMethod='com.example.title.controller.IndexController.index', args=[]} 
2020-04-25 14:11:42.454  INFO 12920 --- [http-nio-8081-exec-10] com.example.title.aop.MethodInvokeAop    : -------------doAfter-------------
2020-04-25 14:12:12.011  INFO 12920 --- [http-nio-8081-exec-1] com.example.title.aop.MethodInvokeAop    : -------------Method |index| doBefore-------------
2020-04-25 14:12:12.011  INFO 12920 --- [http-nio-8081-exec-1] com.example.title.aop.MethodInvokeAop    : RequestLog{url='http://localhost:8081/', ip='0:0:0:0:0:0:0:1', classMethod='com.example.title.controller.IndexController.index', args=[]} 
2020-04-25 14:12:12.012  INFO 12920 --- [http-nio-8081-exec-1] com.example.title.aop.MethodInvokeAop    : -------------doAfter-------------
2020-04-25 14:15:40.064  INFO 12920 --- [http-nio-8081-exec-3] com.example.title.aop.MethodInvokeAop    : -------------Method |index| doBefore-------------
2020-04-25 14:15:40.065  INFO 12920 --- [http-nio-8081-exec-3] com.example.title.aop.MethodInvokeAop    : RequestLog{url='http://localhost:8081/', ip='0:0:0:0:0:0:0:1', classMethod='com.example.title.controller.IndexController.index', args=[]} 
2020-04-25 14:15:40.065  INFO 12920 --- [http-nio-8081-exec-3] com.example.title.aop.MethodInvokeAop    : -------------doAfter-------------
2020-04-25 14:21:55.691  INFO 12920 --- [http-nio-8081-exec-4] com.example.title.aop.MethodInvokeAop    : -------------Method |index| doBefore-------------
2020-04-25 14:21:55.692  INFO 12920 --- [http-nio-8081-exec-4] com.example.title.aop.MethodInvokeAop    : RequestLog{url='http://localhost:8081/', ip='0:0:0:0:0:0:0:1', classMethod='com.example.title.controller.IndexController.index', args=[]} 
2020-04-25 14:21:55.692  INFO 12920 --- [http-nio-8081-exec-4] com.example.title.aop.MethodInvokeAop    : -------------doAfter-------------
2020-04-25 14:22:48.011  INFO 12920 --- [http-nio-8081-exec-7] com.example.title.aop.MethodInvokeAop    : -------------Method |index| doBefore-------------
2020-04-25 14:22:48.012  INFO 12920 --- [http-nio-8081-exec-7] com.example.title.aop.MethodInvokeAop    : RequestLog{url='http://localhost:8081/', ip='0:0:0:0:0:0:0:1', classMethod='com.example.title.controller.IndexController.index', args=[]} 
2020-04-25 14:22:48.013  INFO 12920 --- [http-nio-8081-exec-7] com.example.title.aop.MethodInvokeAop    : -------------doAfter-------------
2020-04-25 14:23:10.610  INFO 12920 --- [http-nio-8081-exec-8] com.example.title.aop.MethodInvokeAop    : -------------Method |index| doBefore-------------
2020-04-25 14:23:10.611  INFO 12920 --- [http-nio-8081-exec-8] com.example.title.aop.MethodInvokeAop    : RequestLog{url='http://localhost:8081/', ip='0:0:0:0:0:0:0:1', classMethod='com.example.title.controller.IndexController.index', args=[]} 
2020-04-25 14:23:10.611  INFO 12920 --- [http-nio-8081-exec-8] com.example.title.aop.MethodInvokeAop    : -------------doAfter-------------
2020-04-25 14:23:17.094  INFO 12920 --- [http-nio-8081-exec-9] com.example.title.aop.MethodInvokeAop    : -------------Method |index| doBefore-------------
2020-04-25 14:23:17.095  INFO 12920 --- [http-nio-8081-exec-9] com.example.title.aop.MethodInvokeAop    : RequestLog{url='http://localhost:8081/', ip='0:0:0:0:0:0:0:1', classMethod='com.example.title.controller.IndexController.index', args=[]} 
2020-04-25 14:23:17.095  INFO 12920 --- [http-nio-8081-exec-9] com.example.title.aop.MethodInvokeAop    : -------------doAfter-------------
2020-04-25 14:23:30.525  INFO 12920 --- [http-nio-8081-exec-10] com.example.title.aop.MethodInvokeAop    : -------------Method |index| doBefore-------------
2020-04-25 14:23:30.525  INFO 12920 --- [http-nio-8081-exec-10] com.example.title.aop.MethodInvokeAop    : RequestLog{url='http://localhost:8081/', ip='0:0:0:0:0:0:0:1', classMethod='com.example.title.controller.IndexController.index', args=[]} 
2020-04-25 14:23:30.526  INFO 12920 --- [http-nio-8081-exec-10] com.example.title.aop.MethodInvokeAop    : -------------doAfter-------------
2020-04-25 14:25:36.068  INFO 12920 --- [http-nio-8081-exec-2] com.example.title.aop.MethodInvokeAop    : -------------Method |index| doBefore-------------
2020-04-25 14:25:36.068  INFO 12920 --- [http-nio-8081-exec-2] com.example.title.aop.MethodInvokeAop    : RequestLog{url='http://localhost:8081/', ip='0:0:0:0:0:0:0:1', classMethod='com.example.title.controller.IndexController.index', args=[]} 
2020-04-25 14:25:36.068  INFO 12920 --- [http-nio-8081-exec-2] com.example.title.aop.MethodInvokeAop    : -------------doAfter-------------
2020-04-25 14:29:29.735  INFO 12920 --- [Thread-5] o.s.s.concurrent.ThreadPoolTaskExecutor  : Shutting down ExecutorService 'applicationTaskExecutor'
2020-04-25 14:29:30.503  INFO 12920 --- [restartedMain] com.example.title.TitleApplication       : Starting TitleApplication on DESKTOP-5G3RRG5 with PID 12920 (D:\code\java\SpringBoot\titles\target\classes started by 23838 in D:\code\java\SpringBoot\titles)
2020-04-25 14:29:30.503  INFO 12920 --- [restartedMain] com.example.title.TitleApplication       : The following profiles are active: dev
2020-04-25 14:29:30.927  WARN 12920 --- [restartedMain] o.m.s.mapper.ClassPathMapperScanner      : No MyBatis mapper was found in '[com.example.title]' package. Please check your configuration.
2020-04-25 14:29:31.030  WARN 12920 --- [restartedMain] org.apache.tomcat.util.modeler.Registry  : The MBean registry cannot be disabled because it has already been initialised
2020-04-25 14:29:31.084  INFO 12920 --- [restartedMain] o.s.b.w.embedded.tomcat.TomcatWebServer  : Tomcat initialized with port(s): 8081 (http)
2020-04-25 14:29:31.084  INFO 12920 --- [restartedMain] o.apache.catalina.core.StandardService   : Starting service [Tomcat]
2020-04-25 14:29:31.085  INFO 12920 --- [restartedMain] org.apache.catalina.core.StandardEngine  : Starting Servlet engine: [Apache Tomcat/9.0.29]
2020-04-25 14:29:31.179  INFO 12920 --- [restartedMain] o.a.c.c.C.[Tomcat].[localhost].[/]       : Initializing Spring embedded WebApplicationContext
2020-04-25 14:29:31.181  INFO 12920 --- [restartedMain] o.s.web.context.ContextLoader            : Root WebApplicationContext: initialization completed in 676 ms
2020-04-25 14:29:31.412  INFO 12920 --- [restartedMain] o.s.s.concurrent.ThreadPoolTaskExecutor  : Initializing ExecutorService 'applicationTaskExecutor'
2020-04-25 14:29:31.622  INFO 12920 --- [restartedMain] o.s.b.d.a.OptionalLiveReloadServer       : LiveReload server is running on port 35729
2020-04-25 14:29:31.640  INFO 12920 --- [restartedMain] o.s.b.w.embedded.tomcat.TomcatWebServer  : Tomcat started on port(s): 8081 (http) with context path ''
2020-04-25 14:29:31.641  INFO 12920 --- [restartedMain] com.example.title.TitleApplication       : Started TitleApplication in 1.163 seconds (JVM running for 2250.493)
2020-04-25 14:29:31.643  INFO 12920 --- [restartedMain] .ConditionEvaluationDeltaLoggingListener : Condition evaluation unchanged
2020-04-25 14:29:31.790  INFO 12920 --- [http-nio-8081-exec-1] o.a.c.c.C.[Tomcat].[localhost].[/]       : Initializing Spring DispatcherServlet 'dispatcherServlet'
2020-04-25 14:29:31.791  INFO 12920 --- [http-nio-8081-exec-1] o.s.web.servlet.DispatcherServlet        : Initializing Servlet 'dispatcherServlet'
2020-04-25 14:29:31.797  INFO 12920 --- [http-nio-8081-exec-1] o.s.web.servlet.DispatcherServlet        : Completed initialization in 6 ms
2020-04-25 14:29:31.800  INFO 12920 --- [http-nio-8081-exec-1] com.example.title.aop.MethodInvokeAop    : -------------Method |index| doBefore-------------
2020-04-25 14:29:31.801  INFO 12920 --- [http-nio-8081-exec-1] com.example.title.aop.MethodInvokeAop    : RequestLog{url='http://localhost:8081/', ip='127.0.0.1', classMethod='com.example.title.controller.IndexController.index', args=[]} 
2020-04-25 14:29:31.805  INFO 12920 --- [http-nio-8081-exec-1] com.example.title.aop.MethodInvokeAop    : -------------doAfter-------------
2020-04-25 14:29:36.274  INFO 12920 --- [http-nio-8081-exec-2] com.example.title.aop.MethodInvokeAop    : -------------Method |register| doBefore-------------
2020-04-25 14:29:36.274  INFO 12920 --- [http-nio-8081-exec-2] com.example.title.aop.MethodInvokeAop    : RequestLog{url='http://localhost:8081/register', ip='127.0.0.1', classMethod='com.example.title.controller.IndexController.register', args=[]} 
2020-04-25 14:29:36.275  INFO 12920 --- [http-nio-8081-exec-2] com.example.title.aop.MethodInvokeAop    : -------------doAfter-------------
2020-04-25 14:30:45.627  INFO 12920 --- [http-nio-8081-exec-5] com.example.title.aop.MethodInvokeAop    : -------------Method |register| doBefore-------------
2020-04-25 14:30:45.627  INFO 12920 --- [http-nio-8081-exec-5] com.example.title.aop.MethodInvokeAop    : RequestLog{url='http://localhost:8081/register', ip='127.0.0.1', classMethod='com.example.title.controller.IndexController.register', args=[]} 
2020-04-25 14:30:45.627  INFO 12920 --- [http-nio-8081-exec-5] com.example.title.aop.MethodInvokeAop    : -------------doAfter-------------
2020-04-25 14:31:41.174  INFO 12920 --- [http-nio-8081-exec-6] com.example.title.aop.MethodInvokeAop    : -------------Method |register| doBefore-------------
2020-04-25 14:31:41.175  INFO 12920 --- [http-nio-8081-exec-6] com.example.title.aop.MethodInvokeAop    : RequestLog{url='http://localhost:8081/register', ip='127.0.0.1', classMethod='com.example.title.controller.IndexController.register', args=[]} 
2020-04-25 14:31:41.175  INFO 12920 --- [http-nio-8081-exec-6] com.example.title.aop.MethodInvokeAop    : -------------doAfter-------------
2020-04-25 14:33:27.820  INFO 12920 --- [http-nio-8081-exec-8] com.example.title.aop.MethodInvokeAop    : -------------Method |register| doBefore-------------
2020-04-25 14:33:27.821  INFO 12920 --- [http-nio-8081-exec-8] com.example.title.aop.MethodInvokeAop    : RequestLog{url='http://localhost:8081/register', ip='127.0.0.1', classMethod='com.example.title.controller.IndexController.register', args=[]} 
2020-04-25 14:33:27.821  INFO 12920 --- [http-nio-8081-exec-8] com.example.title.aop.MethodInvokeAop    : -------------doAfter-------------
2020-04-25 14:33:29.582  INFO 12920 --- [http-nio-8081-exec-9] com.example.title.aop.MethodInvokeAop    : -------------Method |register| doBefore-------------
2020-04-25 14:33:29.582  INFO 12920 --- [http-nio-8081-exec-9] com.example.title.aop.MethodInvokeAop    : RequestLog{url='http://localhost:8081/register', ip='127.0.0.1', classMethod='com.example.title.controller.IndexController.register', args=[]} 
2020-04-25 14:33:29.582  INFO 12920 --- [http-nio-8081-exec-9] com.example.title.aop.MethodInvokeAop    : -------------doAfter-------------
2020-04-25 14:33:39.891  INFO 12920 --- [http-nio-8081-exec-10] com.example.title.aop.MethodInvokeAop    : -------------Method |index| doBefore-------------
2020-04-25 14:33:39.891  INFO 12920 --- [http-nio-8081-exec-10] com.example.title.aop.MethodInvokeAop    : RequestLog{url='http://localhost:8081/', ip='127.0.0.1', classMethod='com.example.title.controller.IndexController.index', args=[]} 
2020-04-25 14:33:39.891  INFO 12920 --- [http-nio-8081-exec-10] com.example.title.aop.MethodInvokeAop    : -------------doAfter-------------
2020-04-25 14:35:18.021  INFO 12920 --- [http-nio-8081-exec-2] com.example.title.aop.MethodInvokeAop    : -------------Method |index| doBefore-------------
2020-04-25 14:35:18.022  INFO 12920 --- [http-nio-8081-exec-2] com.example.title.aop.MethodInvokeAop    : RequestLog{url='http://localhost:8081/', ip='127.0.0.1', classMethod='com.example.title.controller.IndexController.index', args=[]} 
2020-04-25 14:35:18.022  INFO 12920 --- [http-nio-8081-exec-2] com.example.title.aop.MethodInvokeAop    : -------------doAfter-------------
2020-04-25 14:35:22.354  INFO 12920 --- [http-nio-8081-exec-3] com.example.title.aop.MethodInvokeAop    : -------------Method |register| doBefore-------------
2020-04-25 14:35:22.354  INFO 12920 --- [http-nio-8081-exec-3] com.example.title.aop.MethodInvokeAop    : RequestLog{url='http://localhost:8081/register', ip='127.0.0.1', classMethod='com.example.title.controller.IndexController.register', args=[]} 
2020-04-25 14:35:22.354  INFO 12920 --- [http-nio-8081-exec-3] com.example.title.aop.MethodInvokeAop    : -------------doAfter-------------
2020-04-25 14:35:47.801  INFO 12920 --- [http-nio-8081-exec-4] com.example.title.aop.MethodInvokeAop    : -------------Method |register| doBefore-------------
2020-04-25 14:35:47.801  INFO 12920 --- [http-nio-8081-exec-4] com.example.title.aop.MethodInvokeAop    : RequestLog{url='http://localhost:8081/register', ip='127.0.0.1', classMethod='com.example.title.controller.IndexController.register', args=[]} 
2020-04-25 14:35:47.801  INFO 12920 --- [http-nio-8081-exec-4] com.example.title.aop.MethodInvokeAop    : -------------doAfter-------------
2020-04-25 14:42:41.250  INFO 12920 --- [http-nio-8081-exec-6] com.example.title.aop.MethodInvokeAop    : -------------Method |index| doBefore-------------
2020-04-25 14:42:41.251  INFO 12920 --- [http-nio-8081-exec-6] com.example.title.aop.MethodInvokeAop    : RequestLog{url='http://localhost:8081/', ip='127.0.0.1', classMethod='com.example.title.controller.IndexController.index', args=[]} 
2020-04-25 14:42:41.251  INFO 12920 --- [http-nio-8081-exec-6] com.example.title.aop.MethodInvokeAop    : -------------doAfter-------------
2020-04-25 14:49:35.800  INFO 12920 --- [Thread-8] o.s.s.concurrent.ThreadPoolTaskExecutor  : Shutting down ExecutorService 'applicationTaskExecutor'
2020-04-25 14:49:36.363  INFO 12920 --- [restartedMain] com.example.title.TitleApplication       : Starting TitleApplication on DESKTOP-5G3RRG5 with PID 12920 (D:\code\java\SpringBoot\titles\target\classes started by 23838 in D:\code\java\SpringBoot\titles)
2020-04-25 14:49:36.363  INFO 12920 --- [restartedMain] com.example.title.TitleApplication       : The following profiles are active: dev
2020-04-25 14:49:36.733  WARN 12920 --- [restartedMain] o.m.s.mapper.ClassPathMapperScanner      : No MyBatis mapper was found in '[com.example.title]' package. Please check your configuration.
2020-04-25 14:49:36.854  WARN 12920 --- [restartedMain] org.apache.tomcat.util.modeler.Registry  : The MBean registry cannot be disabled because it has already been initialised
2020-04-25 14:49:36.883  INFO 12920 --- [restartedMain] o.s.b.w.embedded.tomcat.TomcatWebServer  : Tomcat initialized with port(s): 8081 (http)
2020-04-25 14:49:36.884  INFO 12920 --- [restartedMain] o.apache.catalina.core.StandardService   : Starting service [Tomcat]
2020-04-25 14:49:36.885  INFO 12920 --- [restartedMain] org.apache.catalina.core.StandardEngine  : Starting Servlet engine: [Apache Tomcat/9.0.29]
2020-04-25 14:49:36.944  INFO 12920 --- [restartedMain] o.a.c.c.C.[Tomcat].[localhost].[/]       : Initializing Spring embedded WebApplicationContext
2020-04-25 14:49:36.944  INFO 12920 --- [restartedMain] o.s.web.context.ContextLoader            : Root WebApplicationContext: initialization completed in 579 ms
2020-04-25 14:49:37.193  INFO 12920 --- [restartedMain] o.s.s.concurrent.ThreadPoolTaskExecutor  : Initializing ExecutorService 'applicationTaskExecutor'
2020-04-25 14:49:37.240  INFO 12920 --- [restartedMain] o.s.b.a.w.s.WelcomePageHandlerMapping    : Adding welcome page template: index
2020-04-25 14:49:37.449  INFO 12920 --- [restartedMain] o.s.b.d.a.OptionalLiveReloadServer       : LiveReload server is running on port 35729
2020-04-25 14:49:37.483  INFO 12920 --- [restartedMain] o.s.b.w.embedded.tomcat.TomcatWebServer  : Tomcat started on port(s): 8081 (http) with context path ''
2020-04-25 14:49:37.484  INFO 12920 --- [restartedMain] com.example.title.TitleApplication       : Started TitleApplication in 1.148 seconds (JVM running for 3456.337)
2020-04-25 14:49:37.490  INFO 12920 --- [restartedMain] .ConditionEvaluationDeltaLoggingListener : Condition evaluation unchanged
2020-04-25 14:49:41.546  INFO 12920 --- [http-nio-8081-exec-1] o.a.c.c.C.[Tomcat].[localhost].[/]       : Initializing Spring DispatcherServlet 'dispatcherServlet'
2020-04-25 14:49:41.546  INFO 12920 --- [http-nio-8081-exec-1] o.s.web.servlet.DispatcherServlet        : Initializing Servlet 'dispatcherServlet'
2020-04-25 14:49:41.553  INFO 12920 --- [http-nio-8081-exec-1] o.s.web.servlet.DispatcherServlet        : Completed initialization in 7 ms
2020-04-25 14:49:41.555  INFO 12920 --- [http-nio-8081-exec-1] com.example.title.aop.MethodInvokeAop    : -------------Method |index| doBefore-------------
2020-04-25 14:49:41.556  INFO 12920 --- [http-nio-8081-exec-1] com.example.title.aop.MethodInvokeAop    : RequestLog{url='http://localhost:8081/', ip='127.0.0.1', classMethod='com.example.title.controller.IndexController.index', args=[]} 
2020-04-25 14:49:41.564  INFO 12920 --- [http-nio-8081-exec-1] com.example.title.aop.MethodInvokeAop    : -------------doAfter-------------
2020-04-25 14:49:47.529  INFO 12920 --- [http-nio-8081-exec-2] com.example.title.aop.MethodInvokeAop    : -------------Method |login| doBefore-------------
2020-04-25 14:49:47.530  INFO 12920 --- [http-nio-8081-exec-2] com.example.title.aop.MethodInvokeAop    : RequestLog{url='http://localhost:8081/login', ip='127.0.0.1', classMethod='com.example.title.controller.IndexController.login', args=[]} 
2020-04-25 14:49:47.530  INFO 12920 --- [http-nio-8081-exec-2] com.example.title.aop.MethodInvokeAop    : -------------doAfter-------------
2020-04-25 14:50:06.080  INFO 12920 --- [http-nio-8081-exec-3] com.example.title.aop.MethodInvokeAop    : -------------Method |register| doBefore-------------
2020-04-25 14:50:06.081  INFO 12920 --- [http-nio-8081-exec-3] com.example.title.aop.MethodInvokeAop    : RequestLog{url='http://localhost:8081/register', ip='127.0.0.1', classMethod='com.example.title.controller.IndexController.register', args=[]} 
2020-04-25 14:50:06.081  INFO 12920 --- [http-nio-8081-exec-3] com.example.title.aop.MethodInvokeAop    : -------------doAfter-------------
2020-04-25 14:50:52.334  INFO 12920 --- [http-nio-8081-exec-5] com.example.title.aop.MethodInvokeAop    : -------------Method |register| doBefore-------------
2020-04-25 14:50:52.335  INFO 12920 --- [http-nio-8081-exec-5] com.example.title.aop.MethodInvokeAop    : RequestLog{url='http://localhost:8081/register', ip='127.0.0.1', classMethod='com.example.title.controller.IndexController.register', args=[]} 
2020-04-25 14:50:52.335  INFO 12920 --- [http-nio-8081-exec-5] com.example.title.aop.MethodInvokeAop    : -------------doAfter-------------
2020-04-25 14:50:57.170  INFO 12920 --- [http-nio-8081-exec-4] com.example.title.aop.MethodInvokeAop    : -------------Method |index| doBefore-------------
2020-04-25 14:50:57.170  INFO 12920 --- [http-nio-8081-exec-4] com.example.title.aop.MethodInvokeAop    : RequestLog{url='http://localhost:8081/', ip='127.0.0.1', classMethod='com.example.title.controller.IndexController.index', args=[]} 
2020-04-25 14:50:57.170  INFO 12920 --- [http-nio-8081-exec-4] com.example.title.aop.MethodInvokeAop    : -------------doAfter-------------
2020-04-25 14:51:02.640  INFO 12920 --- [http-nio-8081-exec-6] com.example.title.aop.MethodInvokeAop    : -------------Method |login| doBefore-------------
2020-04-25 14:51:02.640  INFO 12920 --- [http-nio-8081-exec-6] com.example.title.aop.MethodInvokeAop    : RequestLog{url='http://localhost:8081/login', ip='127.0.0.1', classMethod='com.example.title.controller.IndexController.login', args=[]} 
2020-04-25 14:51:02.640  INFO 12920 --- [http-nio-8081-exec-6] com.example.title.aop.MethodInvokeAop    : -------------doAfter-------------
2020-04-25 14:51:06.569  INFO 12920 --- [http-nio-8081-exec-7] com.example.title.aop.MethodInvokeAop    : -------------Method |register| doBefore-------------
2020-04-25 14:51:06.569  INFO 12920 --- [http-nio-8081-exec-7] com.example.title.aop.MethodInvokeAop    : RequestLog{url='http://localhost:8081/register', ip='127.0.0.1', classMethod='com.example.title.controller.IndexController.register', args=[]} 
2020-04-25 14:51:06.570  INFO 12920 --- [http-nio-8081-exec-7] com.example.title.aop.MethodInvokeAop    : -------------doAfter-------------
2020-04-25 14:51:09.023  INFO 12920 --- [http-nio-8081-exec-8] com.example.title.aop.MethodInvokeAop    : -------------Method |login| doBefore-------------
2020-04-25 14:51:09.023  INFO 12920 --- [http-nio-8081-exec-8] com.example.title.aop.MethodInvokeAop    : RequestLog{url='http://localhost:8081/login', ip='127.0.0.1', classMethod='com.example.title.controller.IndexController.login', args=[]} 
2020-04-25 14:51:09.023  INFO 12920 --- [http-nio-8081-exec-8] com.example.title.aop.MethodInvokeAop    : -------------doAfter-------------
2020-04-25 14:51:15.818  INFO 12920 --- [http-nio-8081-exec-9] com.example.title.aop.MethodInvokeAop    : -------------Method |register| doBefore-------------
2020-04-25 14:51:15.818  INFO 12920 --- [http-nio-8081-exec-9] com.example.title.aop.MethodInvokeAop    : RequestLog{url='http://localhost:8081/register', ip='127.0.0.1', classMethod='com.example.title.controller.IndexController.register', args=[]} 
2020-04-25 14:51:15.818  INFO 12920 --- [http-nio-8081-exec-9] com.example.title.aop.MethodInvokeAop    : -------------doAfter-------------
2020-04-25 14:51:19.254  INFO 12920 --- [http-nio-8081-exec-10] com.example.title.aop.MethodInvokeAop    : -------------Method |login| doBefore-------------
2020-04-25 14:51:19.254  INFO 12920 --- [http-nio-8081-exec-10] com.example.title.aop.MethodInvokeAop    : RequestLog{url='http://localhost:8081/login', ip='127.0.0.1', classMethod='com.example.title.controller.IndexController.login', args=[]} 
2020-04-25 14:51:19.254  INFO 12920 --- [http-nio-8081-exec-10] com.example.title.aop.MethodInvokeAop    : -------------doAfter-------------
2020-04-25 14:51:23.333  INFO 12920 --- [http-nio-8081-exec-1] com.example.title.aop.MethodInvokeAop    : -------------Method |login| doBefore-------------
2020-04-25 14:51:23.334  INFO 12920 --- [http-nio-8081-exec-1] com.example.title.aop.MethodInvokeAop    : RequestLog{url='http://localhost:8081/login', ip='127.0.0.1', classMethod='com.example.title.controller.IndexController.login', args=[]} 
2020-04-25 14:51:23.334  INFO 12920 --- [http-nio-8081-exec-1] com.example.title.aop.MethodInvokeAop    : -------------doAfter-------------
